[2025-08-15 09:42:40] info: 	z2m: Logging to console, file (filename: log.log)
[2025-08-15 09:42:41] info: 	z2m: Starting Zigbee2MQTT version 2.6.0 (commit #unknown)
[2025-08-15 09:42:41] info: 	z2m: Starting zigbee-herdsman (5.0.4)
[2025-08-15 09:42:41] warning: 	zh:ezsp: 'ezsp' driver is deprecated and will only remain to provide support for older firmware (pre 7.4.x). Migration to 'ember' is recommended. If using Zigbee2MQTT see https://github.com/Koenkk/zigbee2mqtt/discussions/21462
[2025-08-15 09:42:48] error: 	zh:ezsp:uart: --> Error: Error: {"sequence":1} after 4000ms
[2025-08-15 09:42:48] error: 	zh:ezsp:uart: -!- break waiting (1)
[2025-08-15 09:42:48] error: 	zh:ezsp:uart: Can't send DATA frame (0,1,0): 1800012800
[2025-08-15 09:42:50] info: 	z2m: zigbee-herdsman started (resumed)
[2025-08-15 09:42:50] info: 	z2m: Coordinator firmware version: '{"meta":{"maintrel":"3 ","majorrel":"6","minorrel":"10","product":8,"revision":"6.10.3.0 build 297"},"type":"EZSP v8"}'
[2025-08-15 09:42:50] info: 	z2m: candles (0x00124b00226a6adf): S31ZB - SONOFF Zigbee smart plug (US version) (Router)
[2025-08-15 09:42:50] info: 	z2m: kitchen_wled_reset (0x00124b00226a8e56): S31ZB - SONOFF Zigbee smart plug (US version) (Router)
[2025-08-15 09:42:50] info: 	z2m: Master Closet Lights (0x1c34f1fffec07b62): 43076 - Enbrighten Zigbee in-wall smart switch (Router)
[2025-08-15 09:42:50] info: 	z2m: Leak_Washer (0xbc33acfffefc6f23): SNTZ007 - Tuya Rechargeable Zigbee contact sensor (EndDevice)
[2025-08-15 09:42:50] info: 	z2m: Leak_Guest_Sink (0xec1bbdfffe8a47da): TS0207_water_leak_detector - Tuya Water leak detector (EndDevice)
[2025-08-15 09:42:50] info: 	z2m: Leak_Guest_Toilet (0xec1bbdfffe8a47cf): TS0207_water_leak_detector - Tuya Water leak detector (EndDevice)
[2025-08-15 09:42:50] info: 	z2m: Leak Kitchen Sink (0xa4c138cd74d4e1ba): ZSS-QY-WL-C-MS - Moes Zigbee water leak sensor (EndDevice)
[2025-08-15 09:42:50] info: 	z2m: Leak_Laundry_Sink (0xa4c13884847e8b7b): ZSS-QY-WL-C-MS - Moes Zigbee water leak sensor (EndDevice)
[2025-08-15 09:42:50] info: 	z2m: Leak_Master_Toilet (0x5c0272fffee17181): TS0207_water_leak_detector_3 - Tuya Zigbee water leak sensor (EndDevice)
[2025-08-15 09:42:50] info: 	z2m: Leak_Karens_Sink (0xec1bbdfffe87e58f): TS0207_water_leak_detector - Tuya Water leak detector (EndDevice)
[2025-08-15 09:42:50] info: 	z2m: Leak_Yangs_Sink (0xec1bbdfffe8a4803): TS0207_water_leak_detector - Tuya Water leak detector (EndDevice)
[2025-08-15 09:42:50] info: 	z2m: Island Barstool Outlet (0x847127fffe37534c): 43102 - Enbrighten Zigbee in-wall tamper-resistant smart outlet (Router)
[2025-08-15 09:42:50] info: 	z2m: Master Bedroom Shade 1 A (0x187a3efffe3908dd): D10110 - Yookee Smart blind controller (EndDevice)
[2025-08-15 09:42:50] info: 	z2m: Master Bedroom Shade 1 B (0xb43a31fffed4e97c): D10110 - Yookee Smart blind controller (EndDevice)
[2025-08-15 09:42:50] info: 	z2m: Master Bedroom Shade 2 A (0xf4b3b1fffee0ce90): D10110 - Yookee Smart blind controller (EndDevice)
[2025-08-15 09:42:50] info: 	z2m: Master Bedroom Shade 2 B (0x187a3efffe392346): D10110 - Yookee Smart blind controller (EndDevice)
[2025-08-15 09:42:50] info: 	z2m: Master Bedroom Shade 3 A (0x187a3efffe390622): D10110 - Yookee Smart blind controller (EndDevice)
[2025-08-15 09:42:50] info: 	z2m: Master Bedroom Shade 3 B (0x187a3efffe39122b): D10110 - Yookee Smart blind controller (EndDevice)
[2025-08-15 09:42:50] info: 	z2m: Master Bedroom Shade 4 A (0xf4b3b1fffee0d993): D10110 - Yookee Smart blind controller (EndDevice)
[2025-08-15 09:42:50] info: 	z2m: Master Bedroom Shade 4 B (0x187a3efffe38fe93): D10110 - Yookee Smart blind controller (EndDevice)
[2025-08-15 09:42:50] info: 	z2m: HVAC Closet Lights (0x00124b0023b7bed9): SA-003-Zigbee - eWeLink Zigbee smart plug (Router)
[2025-08-15 09:42:50] info: 	z2m: Crane Lamp (0xec1bbdfffefae43a): 43096 - Enbrighten Zigbee plug-in smart dimmer with dual outlets on one control (Router)
[2025-08-15 09:42:50] info: 	z2m: Currently 22 devices are joined.
[2025-08-15 09:42:50] info: 	z2m: Connecting to MQTT server at mqtt://core-mosquitto:1883
[2025-08-15 09:42:50] info: 	z2m: Connected to MQTT server
[2025-08-15 09:42:50] info: 	z2m:mqtt: MQTT publish: topic 'zigbee2mqtt/bridge/state', payload '{"state":"online"}'
[2025-08-15 09:42:50] info: 	z2m: Started frontend on port 8099
[2025-08-15 09:42:50] info: 	z2m:mqtt: MQTT publish: topic 'zigbee2mqtt/candles', payload '{"linkquality":116,"state":"OFF"}'
[2025-08-15 09:42:50] info: 	z2m:mqtt: MQTT publish: topic 'zigbee2mqtt/kitchen_wled_reset', payload '{"linkquality":184,"state":"ON"}'
[2025-08-15 09:42:50] info: 	z2m:mqtt: MQTT publish: topic 'zigbee2mqtt/Master Closet Lights', payload '{"identify":null,"linkquality":184,"state":"OFF"}'
[2025-08-15 09:42:50] info: 	z2m:mqtt: MQTT publish: topic 'zigbee2mqtt/Leak_Washer', payload '{"battery":56,"battery_low":false,"contact":true,"linkquality":96,"tamper":false,"voltage":2700}'
[2025-08-15 09:42:50] info: 	z2m:mqtt: MQTT publish: topic 'zigbee2mqtt/Leak_Guest_Sink', payload '{"battery":27,"battery_low":false,"linkquality":108,"tamper":false,"voltage":2600,"water_leak":false}'
[2025-08-15 09:42:50] info: 	z2m:mqtt: MQTT publish: topic 'zigbee2mqtt/Leak_Guest_Toilet', payload '{"battery":27,"battery_low":false,"linkquality":112,"tamper":false,"voltage":2600,"water_leak":false}'
[2025-08-15 09:42:50] info: 	z2m:mqtt: MQTT publish: topic 'zigbee2mqtt/Leak Kitchen Sink', payload '{"battery":56,"battery_low":false,"linkquality":176,"tamper":false,"water_leak":false}'
[2025-08-15 09:42:50] info: 	z2m:mqtt: MQTT publish: topic 'zigbee2mqtt/Leak_Laundry_Sink', payload '{"battery":53,"battery_low":false,"linkquality":168,"tamper":false,"water_leak":false}'
[2025-08-15 09:42:50] info: 	z2m:mqtt: MQTT publish: topic 'zigbee2mqtt/Leak_Master_Toilet', payload '{"battery":35,"battery_low":false,"linkquality":176,"tamper":false,"voltage":2600,"water_leak":false}'
[2025-08-15 09:42:50] info: 	z2m:mqtt: MQTT publish: topic 'zigbee2mqtt/Leak_Karens_Sink', payload '{"battery":31,"battery_low":false,"linkquality":192,"tamper":false,"voltage":2600,"water_leak":false}'
[2025-08-15 09:42:50] info: 	z2m:mqtt: MQTT publish: topic 'zigbee2mqtt/Leak_Yangs_Sink', payload '{"battery":31,"battery_low":false,"linkquality":212,"tamper":false,"voltage":2600,"water_leak":false}'
[2025-08-15 09:42:50] info: 	z2m:mqtt: MQTT publish: topic 'zigbee2mqtt/Island Barstool Outlet', payload '{"identify":null,"linkquality":168,"state":"ON"}'
[2025-08-15 09:42:50] info: 	z2m:mqtt: MQTT publish: topic 'zigbee2mqtt/Master Bedroom Shade 1 A', payload '{"battery":100,"linkquality":164,"position":0,"state":"CLOSE"}'
[2025-08-15 09:42:50] info: 	z2m:mqtt: MQTT publish: topic 'zigbee2mqtt/Master Bedroom Shade 1 B', payload '{"battery":92,"linkquality":172,"position":100,"state":"OPEN"}'
[2025-08-15 09:42:50] info: 	z2m:mqtt: MQTT publish: topic 'zigbee2mqtt/Master Bedroom Shade 2 A', payload '{"battery":41,"linkquality":180,"position":0,"state":"CLOSE"}'
[2025-08-15 09:42:50] info: 	z2m:mqtt: MQTT publish: topic 'zigbee2mqtt/Master Bedroom Shade 2 B', payload '{"battery":39,"linkquality":168,"position":100,"state":"OPEN"}'
[2025-08-15 09:42:50] info: 	z2m:mqtt: MQTT publish: topic 'zigbee2mqtt/Master Bedroom Shade 3 A', payload '{"battery":100,"linkquality":112,"position":0,"state":"CLOSE"}'
[2025-08-15 09:42:50] info: 	z2m:mqtt: MQTT publish: topic 'zigbee2mqtt/Master Bedroom Shade 3 B', payload '{"battery":67,"linkquality":176,"position":100,"state":"OPEN"}'
[2025-08-15 09:42:50] info: 	z2m:mqtt: MQTT publish: topic 'zigbee2mqtt/Master Bedroom Shade 4 A', payload '{"battery":100,"linkquality":180,"position":0,"state":"CLOSE"}'
[2025-08-15 09:42:50] info: 	z2m:mqtt: MQTT publish: topic 'zigbee2mqtt/Master Bedroom Shade 4 B', payload '{"battery":100,"linkquality":180,"position":100,"state":"OPEN"}'
[2025-08-15 09:42:50] info: 	z2m:mqtt: MQTT publish: topic 'zigbee2mqtt/HVAC Closet Lights', payload '{"linkquality":172,"state":"OFF"}'
[2025-08-15 09:42:50] info: 	z2m:mqtt: MQTT publish: topic 'zigbee2mqtt/Crane Lamp', payload '{"brightness":254,"identify":null,"linkquality":160,"state":"OFF"}'
[2025-08-15 09:42:50] info: 	z2m: Zigbee2MQTT started!
[2025-08-15 09:42:55] info: 	z2m:mqtt: MQTT publish: topic 'homeassistant/binary_sensor/1221051039810110150109113116116_0x60a423fffe1dbdb7/connection_state/config', payload '{"device":{"hw_version":"EZSP v8 6.10.3.0 build 297","identifiers":["zigbee2mqtt_bridge_0x60a423fffe1dbdb7"],"manufacturer":"Zigbee2MQTT","model":"Bridge","name":"Zigbee2MQTT Bridge","sw_version":"2.6.0"},"device_class":"connectivity","entity_category":"diagnostic","name":"Connection state","object_id":"zigbee2mqtt_bridge_connection_state","origin":{"name":"Zigbee2MQTT","sw":"2.6.0","url":"https://www.zigbee2mqtt.io"},"payload_off":"offline","payload_on":"online","state_topic":"zigbee2mqtt/bridge/state","unique_id":"bridge_0x60a423fffe1dbdb7_connection_state_zigbee2mqtt","value_template":"{{ value_json.state }}"}'
[2025-08-15 09:45:39] info: 	z2m:mqtt: MQTT publish: topic 'zigbee2mqtt/candles', payload '{"linkquality":128,"state":"OFF"}'
[2025-08-15 09:46:03] info: 	z2m:mqtt: MQTT publish: topic 'zigbee2mqtt/kitchen_wled_reset', payload '{"linkquality":112,"state":"ON"}'
[2025-08-15 09:46:14] info: 	z2m:mqtt: MQTT publish: topic 'zigbee2mqtt/HVAC Closet Lights', payload '{"linkquality":112,"state":"OFF"}'
[2025-08-15 09:47:41] info: 	z2m:mqtt: MQTT publish: topic 'zigbee2mqtt/Master Bedroom Shade 3 B', payload '{"battery":67,"linkquality":180,"position":100,"state":"OPEN"}'
[2025-08-15 09:47:47] info: 	z2m:mqtt: MQTT publish: topic 'zigbee2mqtt/Master Bedroom Shade 1 A', payload '{"battery":100,"linkquality":188,"position":0,"state":"CLOSE"}'
[2025-08-15 09:50:39] info: 	z2m:mqtt: MQTT publish: topic 'zigbee2mqtt/candles', payload '{"linkquality":132,"state":"OFF"}'
[2025-08-15 09:51:02] info: 	z2m:mqtt: MQTT publish: topic 'zigbee2mqtt/kitchen_wled_reset', payload '{"linkquality":112,"state":"ON"}'
[2025-08-15 09:51:14] info: 	z2m:mqtt: MQTT publish: topic 'zigbee2mqtt/HVAC Closet Lights', payload '{"linkquality":120,"state":"OFF"}'
[2025-08-15 09:52:50] info: 	z2m:mqtt: MQTT publish: topic 'zigbee2mqtt/bridge/health', payload '{"response_time":1755265970476,"os":{"load_average":[1.2,1.1,0.98],"memory_used_mb":3651.18,"memory_percent":22.965},"process":{"uptime_sec":610,"memory_used_mb":103.69,"memory_percent":0.6522},"mqtt":{"connected":true,"queued":0,"published":71,"received":242},"devices":{"0x187a3efffe390622":{"messages":2,"messages_per_sec":0.0037,"leave_count":0,"network_address_changes":0},"0xb43a31fffed4e97c":{"messages":2,"messages_per_sec":0.0039,"leave_count":0,"network_address_changes":0},"0x187a3efffe38fe93":{"messages":2,"messages_per_sec":0.0041,"leave_count":0,"network_address_changes":0},"0xf4b3b1fffee0ce90":{"messages":2,"messages_per_sec":0.0042,"leave_count":0,"network_address_changes":0},"0x00124b00226a6adf":{"messages":2,"messages_per_sec":0.0046,"leave_count":0,"network_address_changes":0},"0x00124b00226a8e56":{"messages":2,"messages_per_sec":0.0049,"leave_count":0,"network_address_changes":0},"0x00124b0023b7bed9":{"messages":2,"messages_per_sec":0.0051,"leave_count":0,"network_address_changes":0},"0xf4b3b1fffee0d993":{"messages":2,"messages_per_sec":0.0051,"leave_count":0,"network_address_changes":0},"0x187a3efffe39122b":{"messages":2,"messages_per_sec":0.0065,"leave_count":0,"network_address_changes":0},"0x187a3efffe3908dd":{"messages":2,"messages_per_sec":0.0066,"leave_count":0,"network_address_changes":0},"0x187a3efffe392346":{"messages":1,"messages_per_sec":0.0126,"leave_count":0,"network_address_changes":0}}}'
[2025-08-15 09:55:39] info: 	z2m:mqtt: MQTT publish: topic 'zigbee2mqtt/candles', payload '{"linkquality":132,"state":"OFF"}'
[2025-08-15 09:56:03] info: 	z2m:mqtt: MQTT publish: topic 'zigbee2mqtt/kitchen_wled_reset', payload '{"linkquality":120,"state":"ON"}'
[2025-08-15 09:56:14] info: 	z2m:mqtt: MQTT publish: topic 'zigbee2mqtt/HVAC Closet Lights', payload '{"linkquality":112,"state":"OFF"}'
[2025-08-15 10:00:00] info: 	z2m:mqtt: MQTT publish: topic 'zigbee2mqtt/Master Bedroom Shade 2 A', payload '{"battery":41,"linkquality":188,"position":29,"state":"CLOSE"}'
[2025-08-15 10:00:00] info: 	z2m:mqtt: MQTT publish: topic 'zigbee2mqtt/Master Bedroom Shade 4 A', payload '{"battery":100,"linkquality":188,"position":29,"state":"CLOSE"}'
[2025-08-15 10:00:00] info: 	z2m:mqtt: MQTT publish: topic 'zigbee2mqtt/Master Bedroom Shade 2 A', payload '{"battery":41,"linkquality":188,"position":1,"state":"OPEN"}'
[2025-08-15 10:00:01] info: 	z2m:mqtt: MQTT publish: topic 'zigbee2mqtt/Master Bedroom Shade 3 A', payload '{"battery":100,"linkquality":168,"position":29,"state":"CLOSE"}'
[2025-08-15 10:00:01] info: 	z2m:mqtt: MQTT publish: topic 'zigbee2mqtt/Master Bedroom Shade 1 A', payload '{"battery":100,"linkquality":196,"position":29,"state":"CLOSE"}'
[2025-08-15 10:00:01] info: 	z2m:mqtt: MQTT publish: topic 'zigbee2mqtt/Master Bedroom Shade 4 A', payload '{"battery":100,"linkquality":184,"position":1,"state":"OPEN"}'
[2025-08-15 10:00:01] info: 	z2m:mqtt: MQTT publish: topic 'zigbee2mqtt/Master Bedroom Shade 3 A', payload '{"battery":100,"linkquality":172,"position":1,"state":"OPEN"}'
[2025-08-15 10:00:01] info: 	z2m:mqtt: MQTT publish: topic 'zigbee2mqtt/Master Bedroom Shade 1 A', payload '{"battery":100,"linkquality":188,"position":1,"state":"OPEN"}'
[2025-08-15 10:00:02] info: 	z2m:mqtt: MQTT publish: topic 'zigbee2mqtt/Master Bedroom Shade 2 A', payload '{"battery":41,"linkquality":192,"position":7,"state":"OPEN"}'
[2025-08-15 10:00:02] info: 	z2m:mqtt: MQTT publish: topic 'zigbee2mqtt/Master Bedroom Shade 4 A', payload '{"battery":100,"linkquality":192,"position":7,"state":"OPEN"}'
[2025-08-15 10:00:03] info: 	z2m:mqtt: MQTT publish: topic 'zigbee2mqtt/Master Bedroom Shade 3 A', payload '{"battery":100,"linkquality":172,"position":7,"state":"OPEN"}'
[2025-08-15 10:00:03] info: 	z2m:mqtt: MQTT publish: topic 'zigbee2mqtt/Master Bedroom Shade 1 A', payload '{"battery":100,"linkquality":188,"position":7,"state":"OPEN"}'
[2025-08-15 10:00:03] info: 	z2m:mqtt: MQTT publish: topic 'zigbee2mqtt/Master Bedroom Shade 2 A', payload '{"battery":41,"linkquality":188,"position":11,"state":"OPEN"}'
[2025-08-15 10:00:04] info: 	z2m:mqtt: MQTT publish: topic 'zigbee2mqtt/Master Bedroom Shade 4 A', payload '{"battery":100,"linkquality":192,"position":11,"state":"OPEN"}'
[2025-08-15 10:00:04] info: 	z2m:mqtt: MQTT publish: topic 'zigbee2mqtt/Master Bedroom Shade 3 A', payload '{"battery":100,"linkquality":172,"position":11,"state":"OPEN"}'
[2025-08-15 10:00:04] info: 	z2m:mqtt: MQTT publish: topic 'zigbee2mqtt/Master Bedroom Shade 1 A', payload '{"battery":100,"linkquality":188,"position":11,"state":"OPEN"}'
[2025-08-15 10:00:05] info: 	z2m:mqtt: MQTT publish: topic 'zigbee2mqtt/Master Bedroom Shade 2 A', payload '{"battery":41,"linkquality":188,"position":15,"state":"OPEN"}'
[2025-08-15 10:00:05] info: 	z2m:mqtt: MQTT publish: topic 'zigbee2mqtt/Master Bedroom Shade 4 A', payload '{"battery":100,"linkquality":192,"position":15,"state":"OPEN"}'
[2025-08-15 10:00:05] info: 	z2m:mqtt: MQTT publish: topic 'zigbee2mqtt/Master Bedroom Shade 3 A', payload '{"battery":100,"linkquality":168,"position":15,"state":"OPEN"}'
[2025-08-15 10:00:05] info: 	z2m:mqtt: MQTT publish: topic 'zigbee2mqtt/Master Bedroom Shade 1 A', payload '{"battery":100,"linkquality":192,"position":15,"state":"OPEN"}'
[2025-08-15 10:00:06] info: 	z2m:mqtt: MQTT publish: topic 'zigbee2mqtt/Master Bedroom Shade 2 A', payload '{"battery":41,"linkquality":192,"position":20,"state":"OPEN"}'
[2025-08-15 10:00:06] info: 	z2m:mqtt: MQTT publish: topic 'zigbee2mqtt/Master Bedroom Shade 4 A', payload '{"battery":100,"linkquality":196,"position":20,"state":"OPEN"}'
[2025-08-15 10:00:07] info: 	z2m:mqtt: MQTT publish: topic 'zigbee2mqtt/Master Bedroom Shade 3 A', payload '{"battery":100,"linkquality":172,"position":20,"state":"OPEN"}'
[2025-08-15 10:00:07] info: 	z2m:mqtt: MQTT publish: topic 'zigbee2mqtt/Master Bedroom Shade 1 A', payload '{"battery":100,"linkquality":192,"position":20,"state":"OPEN"}'
[2025-08-15 10:00:07] info: 	z2m:mqtt: MQTT publish: topic 'zigbee2mqtt/Master Bedroom Shade 2 A', payload '{"battery":41,"linkquality":196,"position":24,"state":"OPEN"}'
[2025-08-15 10:00:08] info: 	z2m:mqtt: MQTT publish: topic 'zigbee2mqtt/Master Bedroom Shade 4 A', payload '{"battery":100,"linkquality":188,"position":24,"state":"OPEN"}'
[2025-08-15 10:00:08] info: 	z2m:mqtt: MQTT publish: topic 'zigbee2mqtt/Master Bedroom Shade 3 A', payload '{"battery":100,"linkquality":172,"position":24,"state":"OPEN"}'
[2025-08-15 10:00:08] info: 	z2m:mqtt: MQTT publish: topic 'zigbee2mqtt/Master Bedroom Shade 1 A', payload '{"battery":100,"linkquality":192,"position":24,"state":"OPEN"}'
[2025-08-15 10:00:08] info: 	z2m:mqtt: MQTT publish: topic 'zigbee2mqtt/Master Bedroom Shade 2 A', payload '{"battery":41,"linkquality":196,"position":28,"state":"OPEN"}'
[2025-08-15 10:00:09] info: 	z2m:mqtt: MQTT publish: topic 'zigbee2mqtt/Master Bedroom Shade 4 A', payload '{"battery":100,"linkquality":192,"position":28,"state":"OPEN"}'
[2025-08-15 10:00:09] info: 	z2m:mqtt: MQTT publish: topic 'zigbee2mqtt/Master Bedroom Shade 3 A', payload '{"battery":100,"linkquality":172,"position":28,"state":"OPEN"}'
[2025-08-15 10:00:09] info: 	z2m:mqtt: MQTT publish: topic 'zigbee2mqtt/Master Bedroom Shade 1 A', payload '{"battery":100,"linkquality":192,"position":28,"state":"OPEN"}'
[2025-08-15 10:00:10] info: 	z2m:mqtt: MQTT publish: topic 'zigbee2mqtt/Master Bedroom Shade 2 A', payload '{"battery":41,"linkquality":192,"position":29,"state":"OPEN"}'
[2025-08-15 10:00:10] info: 	z2m:mqtt: MQTT publish: topic 'zigbee2mqtt/Master Bedroom Shade 4 A', payload '{"battery":100,"linkquality":192,"position":29,"state":"OPEN"}'
[2025-08-15 10:00:10] info: 	z2m:mqtt: MQTT publish: topic 'zigbee2mqtt/Master Bedroom Shade 3 A', payload '{"battery":100,"linkquality":172,"position":29,"state":"OPEN"}'
[2025-08-15 10:00:10] info: 	z2m:mqtt: MQTT publish: topic 'zigbee2mqtt/Master Bedroom Shade 1 A', payload '{"battery":100,"linkquality":188,"position":29,"state":"OPEN"}'
[2025-08-15 10:00:39] info: 	z2m:mqtt: MQTT publish: topic 'zigbee2mqtt/candles', payload '{"linkquality":132,"state":"OFF"}'
[2025-08-15 10:01:03] info: 	z2m:mqtt: MQTT publish: topic 'zigbee2mqtt/kitchen_wled_reset', payload '{"linkquality":108,"state":"ON"}'
[2025-08-15 10:01:14] info: 	z2m:mqtt: MQTT publish: topic 'zigbee2mqtt/HVAC Closet Lights', payload '{"linkquality":112,"state":"OFF"}'
[2025-08-15 10:02:50] info: 	z2m:mqtt: MQTT publish: topic 'zigbee2mqtt/bridge/health', payload '{"response_time":1755266570477,"os":{"load_average":[0.55,0.72,0.86],"memory_used_mb":3656.53,"memory_percent":22.9986},"process":{"uptime_sec":1210,"memory_used_mb":103.94,"memory_percent":0.6537},"mqtt":{"connected":true,"queued":0,"published":157,"received":246},"devices":{"0x187a3efffe390622":{"messages":13,"messages_per_sec":0.0113,"leave_count":0,"network_address_changes":0},"0xb43a31fffed4e97c":{"messages":4,"messages_per_sec":0.0036,"leave_count":0,"network_address_changes":0},"0x187a3efffe38fe93":{"messages":4,"messages_per_sec":0.0037,"leave_count":0,"network_address_changes":0},"0xf4b3b1fffee0ce90":{"messages":13,"messages_per_sec":0.0121,"leave_count":0,"network_address_changes":0},"0x00124b00226a6adf":{"messages":4,"messages_per_sec":0.0039,"leave_count":0,"network_address_changes":0},"0x00124b00226a8e56":{"messages":4,"messages_per_sec":0.004,"leave_count":0,"network_address_changes":0},"0x00124b0023b7bed9":{"messages":4,"messages_per_sec":0.004,"leave_count":0,"network_address_changes":0},"0xf4b3b1fffee0d993":{"messages":13,"messages_per_sec":0.0131,"leave_count":0,"network_address_changes":0},"0x187a3efffe39122b":{"messages":4,"messages_per_sec":0.0044,"leave_count":0,"network_address_changes":0},"0x187a3efffe3908dd":{"messages":13,"messages_per_sec":0.0144,"leave_count":0,"network_address_changes":0},"0x187a3efffe392346":{"messages":3,"messages_per_sec":0.0044,"leave_count":0,"network_address_changes":0}}}'
[2025-08-15 10:05:39] info: 	z2m:mqtt: MQTT publish: topic 'zigbee2mqtt/candles', payload '{"linkquality":136,"state":"OFF"}'
[2025-08-15 10:06:03] info: 	z2m:mqtt: MQTT publish: topic 'zigbee2mqtt/kitchen_wled_reset', payload '{"linkquality":124,"state":"ON"}'
[2025-08-15 10:06:14] info: 	z2m:mqtt: MQTT publish: topic 'zigbee2mqtt/HVAC Closet Lights', payload '{"linkquality":112,"state":"OFF"}'
[2025-08-15 10:10:39] info: 	z2m:mqtt: MQTT publish: topic 'zigbee2mqtt/candles', payload '{"linkquality":128,"state":"OFF"}'
[2025-08-15 10:11:03] info: 	z2m:mqtt: MQTT publish: topic 'zigbee2mqtt/kitchen_wled_reset', payload '{"linkquality":108,"state":"ON"}'
[2025-08-15 10:11:14] info: 	z2m:mqtt: MQTT publish: topic 'zigbee2mqtt/HVAC Closet Lights', payload '{"linkquality":112,"state":"OFF"}'
[2025-08-15 10:12:50] info: 	z2m:mqtt: MQTT publish: topic 'zigbee2mqtt/bridge/health', payload '{"response_time":1755267170478,"os":{"load_average":[0.4,0.91,0.98],"memory_used_mb":3665.62,"memory_percent":23.0558},"process":{"uptime_sec":1810,"memory_used_mb":103.8,"memory_percent":0.6529},"mqtt":{"connected":true,"queued":0,"published":171,"received":246},"devices":{"0x187a3efffe390622":{"messages":15,"messages_per_sec":0.0086,"leave_count":0,"network_address_changes":0},"0xb43a31fffed4e97c":{"messages":6,"messages_per_sec":0.0035,"leave_count":0,"network_address_changes":0},"0x187a3efffe38fe93":{"messages":6,"messages_per_sec":0.0035,"leave_count":0,"network_address_changes":0},"0xf4b3b1fffee0ce90":{"messages":15,"messages_per_sec":0.009,"leave_count":0,"network_address_changes":0},"0x00124b00226a6adf":{"messages":6,"messages_per_sec":0.0037,"leave_count":0,"network_address_changes":0},"0x00124b00226a8e56":{"messages":6,"messages_per_sec":0.0037,"leave_count":0,"network_address_changes":0},"0x00124b0023b7bed9":{"messages":6,"messages_per_sec":0.0038,"leave_count":0,"network_address_changes":0},"0xf4b3b1fffee0d993":{"messages":15,"messages_per_sec":0.0094,"leave_count":0,"network_address_changes":0},"0x187a3efffe39122b":{"messages":6,"messages_per_sec":0.004,"leave_count":0,"network_address_changes":0},"0x187a3efffe3908dd":{"messages":15,"messages_per_sec":0.01,"leave_count":0,"network_address_changes":0},"0x187a3efffe392346":{"messages":5,"messages_per_sec":0.0039,"leave_count":0,"network_address_changes":0}}}'
[2025-08-15 10:15:20] info: 	z2m:mqtt: MQTT publish: topic 'zigbee2mqtt/Master Bedroom Shade 2 A', payload '{"battery":41,"linkquality":192,"position":29,"state":"OPEN"}'
[2025-08-15 10:15:39] info: 	z2m:mqtt: MQTT publish: topic 'zigbee2mqtt/candles', payload '{"linkquality":132,"state":"OFF"}'
[2025-08-15 10:16:03] info: 	z2m:mqtt: MQTT publish: topic 'zigbee2mqtt/kitchen_wled_reset', payload '{"linkquality":112,"state":"ON"}'
[2025-08-15 10:16:14] info: 	z2m:mqtt: MQTT publish: topic 'zigbee2mqtt/HVAC Closet Lights', payload '{"linkquality":112,"state":"OFF"}'
[2025-08-15 10:20:39] info: 	z2m:mqtt: MQTT publish: topic 'zigbee2mqtt/candles', payload '{"linkquality":140,"state":"OFF"}'
[2025-08-15 10:21:03] info: 	z2m:mqtt: MQTT publish: topic 'zigbee2mqtt/kitchen_wled_reset', payload '{"linkquality":112,"state":"ON"}'
[2025-08-15 10:21:14] info: 	z2m:mqtt: MQTT publish: topic 'zigbee2mqtt/HVAC Closet Lights', payload '{"linkquality":112,"state":"OFF"}'
[2025-08-15 10:22:50] info: 	z2m:mqtt: MQTT publish: topic 'zigbee2mqtt/bridge/health', payload '{"response_time":1755267770479,"os":{"load_average":[1.55,1.11,0.99],"memory_used_mb":3632.99,"memory_percent":22.8506},"process":{"uptime_sec":2410,"memory_used_mb":104.01,"memory_percent":0.6542},"mqtt":{"connected":true,"queued":0,"published":187,"received":246},"devices":{"0x187a3efffe390622":{"messages":17,"messages_per_sec":0.0072,"leave_count":0,"network_address_changes":0},"0xb43a31fffed4e97c":{"messages":8,"messages_per_sec":0.0035,"leave_count":0,"network_address_changes":0},"0x187a3efffe38fe93":{"messages":8,"messages_per_sec":0.0035,"leave_count":0,"network_address_changes":0},"0xf4b3b1fffee0ce90":{"messages":20,"messages_per_sec":0.0088,"leave_count":0,"network_address_changes":0},"0x00124b00226a6adf":{"messages":8,"messages_per_sec":0.0036,"leave_count":0,"network_address_changes":0},"0x00124b00226a8e56":{"messages":8,"messages_per_sec":0.0036,"leave_count":0,"network_address_changes":0},"0x00124b0023b7bed9":{"messages":8,"messages_per_sec":0.0036,"leave_count":0,"network_address_changes":0},"0xf4b3b1fffee0d993":{"messages":17,"messages_per_sec":0.0078,"leave_count":0,"network_address_changes":0},"0x187a3efffe39122b":{"messages":8,"messages_per_sec":0.0038,"leave_count":0,"network_address_changes":0},"0x187a3efffe3908dd":{"messages":17,"messages_per_sec":0.0081,"leave_count":0,"network_address_changes":0},"0x187a3efffe392346":{"messages":7,"messages_per_sec":0.0037,"leave_count":0,"network_address_changes":0}}}'
[2025-08-15 10:25:39] info: 	z2m:mqtt: MQTT publish: topic 'zigbee2mqtt/candles', payload '{"linkquality":136,"state":"OFF"}'
[2025-08-15 10:26:03] info: 	z2m:mqtt: MQTT publish: topic 'zigbee2mqtt/kitchen_wled_reset', payload '{"linkquality":116,"state":"ON"}'
[2025-08-15 10:26:06] info: 	z2m:mqtt: MQTT publish: topic 'zigbee2mqtt/Master Bedroom Shade 4 B', payload '{"battery":100,"linkquality":192,"position":100,"state":"OPEN"}'
[2025-08-15 10:26:14] info: 	z2m:mqtt: MQTT publish: topic 'zigbee2mqtt/HVAC Closet Lights', payload '{"linkquality":112,"state":"OFF"}'
[2025-08-15 10:26:39] info: 	z2m:mqtt: MQTT publish: topic 'zigbee2mqtt/Master Bedroom Shade 1 B', payload '{"battery":93,"linkquality":192,"position":100,"state":"OPEN"}'
[2025-08-15 10:27:51] error: 	zh:ezsp:uart: --> Error: Error: {"sequence":4} after 4000ms
[2025-08-15 10:27:51] error: 	zh:ezsp:uart: -!- break waiting (4)
[2025-08-15 10:27:51] error: 	zh:ezsp:uart: Can't send DATA frame (3,5,0): 2b00010500
[2025-08-15 10:27:56] error: 	zh:ezsp:uart: --> Error: Error: {"sequence":4} after 4000ms
[2025-08-15 10:27:56] error: 	zh:ezsp:uart: -!- break rewaiting (4)
[2025-08-15 10:27:56] error: 	zh:ezsp:uart: Can't resend DATA frame (3,5,1): 2b00010500
[2025-08-15 10:27:56] error: 	zh:ezsp:ezsp: Watchdog heartbeat timeout Error: Failure send nop:{"type":"Buffer","data":[43,0,1,5,0]}
[2025-08-15 10:28:31] info: 	z2m:mqtt: MQTT publish: topic 'zigbee2mqtt/Master Bedroom Shade 2 B', payload '{"battery":39,"linkquality":204,"position":100,"state":"OPEN"}'
[2025-08-15 10:29:05] info: 	z2m:mqtt: MQTT publish: topic 'zigbee2mqtt/Master Bedroom Shade 4 A', payload '{"battery":100,"linkquality":212,"position":29,"state":"OPEN"}'
[2025-08-15 10:29:37] info: 	z2m:mqtt: MQTT publish: topic 'zigbee2mqtt/Master Bedroom Shade 3 A', payload '{"battery":100,"linkquality":152,"position":29,"state":"OPEN"}'
[2025-08-15 10:30:39] info: 	z2m:mqtt: MQTT publish: topic 'zigbee2mqtt/candles', payload '{"linkquality":120,"state":"OFF"}'
[2025-08-15 10:31:03] info: 	z2m:mqtt: MQTT publish: topic 'zigbee2mqtt/kitchen_wled_reset', payload '{"linkquality":104,"state":"ON"}'
[2025-08-15 10:31:14] info: 	z2m:mqtt: MQTT publish: topic 'zigbee2mqtt/HVAC Closet Lights', payload '{"linkquality":104,"state":"OFF"}'
[2025-08-15 10:32:50] info: 	z2m:mqtt: MQTT publish: topic 'zigbee2mqtt/bridge/health', payload '{"response_time":1755268370489,"os":{"load_average":[1.32,1.15,1.08],"memory_used_mb":4012.12,"memory_percent":25.2352},"process":{"uptime_sec":3010,"memory_used_mb":104.16,"memory_percent":0.6552},"mqtt":{"connected":true,"queued":0,"published":218,"received":246},"devices":{"0x187a3efffe390622":{"messages":22,"messages_per_sec":0.0075,"leave_count":0,"network_address_changes":0},"0xb43a31fffed4e97c":{"messages":13,"messages_per_sec":0.0045,"leave_count":0,"network_address_changes":0},"0x187a3efffe38fe93":{"messages":13,"messages_per_sec":0.0045,"leave_count":0,"network_address_changes":0},"0xf4b3b1fffee0ce90":{"messages":22,"messages_per_sec":0.0077,"leave_count":0,"network_address_changes":0},"0x00124b00226a6adf":{"messages":10,"messages_per_sec":0.0035,"leave_count":0,"network_address_changes":0},"0x00124b00226a8e56":{"messages":10,"messages_per_sec":0.0036,"leave_count":0,"network_address_changes":0},"0x00124b0023b7bed9":{"messages":10,"messages_per_sec":0.0036,"leave_count":0,"network_address_changes":0},"0xf4b3b1fffee0d993":{"messages":22,"messages_per_sec":0.0079,"leave_count":0,"network_address_changes":0},"0x187a3efffe39122b":{"messages":10,"messages_per_sec":0.0037,"leave_count":0,"network_address_changes":0},"0x187a3efffe3908dd":{"messages":19,"messages_per_sec":0.007,"leave_count":0,"network_address_changes":0},"0x187a3efffe392346":{"messages":12,"messages_per_sec":0.0048,"leave_count":0,"network_address_changes":0}}}'
